-------------------------------------------------------------------------------
Test set: TestSuite
-------------------------------------------------------------------------------
Tests run: 3, Failures: 1, Errors: 0, Skipped: 0, Time elapsed: 7.786 s <<< FAILURE! - in TestSuite
runScenario(runner.TestRunner)  Time elapsed: 1.328 s  <<< FAILURE!
java.lang.AssertionError: expected [300] but found [200]

