<?xml version="1.0" encoding="UTF-8"?>
<testsuite xmlns:xsi="http://www.w3.org/2001/XMLSchema-instance" xsi:noNamespaceSchemaLocation="https://maven.apache.org/surefire/maven-surefire-plugin/xsd/surefire-test-report.xsd" name="TestSuite" time="7.786" tests="3" errors="0" skipped="0" failures="1">
  <properties>
[...]
</properties>
  <testcase name="runScenario" classname="runner.TestRunner" time="4.136"/>
  <testcase name="runScenario" classname="runner.TestRunner" time="1.604"/>
  <testcase name="runScenario" classname="runner.TestRunner" time="1.328">
    <failure message="expected [300] but found [200]" type="java.lang.AssertionError">java.lang.AssertionError: expected [300] but found [200]
</failure>
    <system-out><![CDATA[Before setup method -- hook
in first function
Access TokenA21AALYUSMUi8o367_rmntGeRVlwfbo2oQTGf3BR3QJAcpPE487mT1Sz05MwL3fADdsv2HAT0VB4imMaX_djREA6Aao_HoZEQ
]]></system-out>
  </testcase>
</testsuite>